[2024-03-20T05:50:25.139+0000] {taskinstance.py:1979} INFO - Dependencies all met for dep_context=non-requeueable deps ti=<TaskInstance: IDM_TO_BQ_PQ_RAW.stop_cluster manual__2024-03-20T05:41:25.524027+00:00 [queued]>
[2024-03-20T05:50:25.143+0000] {taskinstance.py:1979} INFO - Dependencies all met for dep_context=requeueable deps ti=<TaskInstance: IDM_TO_BQ_PQ_RAW.stop_cluster manual__2024-03-20T05:41:25.524027+00:00 [queued]>
[2024-03-20T05:50:25.144+0000] {taskinstance.py:2193} INFO - Starting attempt 1 of 1
[2024-03-20T05:50:25.151+0000] {taskinstance.py:2217} INFO - Executing <Task(BashOperator): stop_cluster> on 2024-03-20 05:41:25.524027+00:00
[2024-03-20T05:50:25.154+0000] {standard_task_runner.py:60} INFO - Started process 4631 to run task
[2024-03-20T05:50:25.157+0000] {standard_task_runner.py:87} INFO - Running: ['***', 'tasks', 'run', 'IDM_TO_BQ_PQ_RAW', 'stop_cluster', 'manual__2024-03-20T05:41:25.524027+00:00', '--job-id', '36', '--raw', '--subdir', 'DAGS_FOLDER/IDM_TO_BQ_PQ_RAW.py', '--cfg-path', '/tmp/tmp8vk_hn4o']
[2024-03-20T05:50:25.159+0000] {standard_task_runner.py:88} INFO - Job 36: Subtask stop_cluster
[2024-03-20T05:50:25.168+0000] {logging_mixin.py:188} WARNING - /home/***/.local/lib/python3.8/site-packages/***/settings.py:194 DeprecationWarning: The sql_alchemy_conn option in [core] has been moved to the sql_alchemy_conn option in [database] - the old setting has been used, but please update your config.
[2024-03-20T05:50:25.191+0000] {task_command.py:423} INFO - Running <TaskInstance: IDM_TO_BQ_PQ_RAW.stop_cluster manual__2024-03-20T05:41:25.524027+00:00 [running]> on host bf143d508a6e
[2024-03-20T05:50:25.210+0000] {abstractoperator.py:707} ERROR - Exception rendering Jinja template for task 'stop_cluster', field 'bash_command'. Template: 'end_cluster.sh'
Traceback (most recent call last):
  File "/home/airflow/.local/lib/python3.8/site-packages/airflow/models/abstractoperator.py", line 699, in _do_render_template_fields
    rendered_content = self.render_template(
  File "/home/airflow/.local/lib/python3.8/site-packages/airflow/template/templater.py", line 171, in render_template
    template = jinja_env.get_template(value)
  File "/home/airflow/.local/lib/python3.8/site-packages/jinja2/environment.py", line 1010, in get_template
    return self._load_template(name, globals)
  File "/home/airflow/.local/lib/python3.8/site-packages/jinja2/environment.py", line 969, in _load_template
    template = self.loader.load(self, name, self.make_globals(globals))
  File "/home/airflow/.local/lib/python3.8/site-packages/jinja2/loaders.py", line 125, in load
    source, filename, uptodate = self.get_source(environment, name)
  File "/home/airflow/.local/lib/python3.8/site-packages/jinja2/loaders.py", line 204, in get_source
    raise TemplateNotFound(template)
jinja2.exceptions.TemplateNotFound: end_cluster.sh
[2024-03-20T05:50:25.211+0000] {taskinstance.py:2731} ERROR - Task failed with exception
Traceback (most recent call last):
  File "/home/airflow/.local/lib/python3.8/site-packages/airflow/models/taskinstance.py", line 2360, in _run_raw_task
    self._execute_task_with_callbacks(context, test_mode, session=session)
  File "/home/airflow/.local/lib/python3.8/site-packages/airflow/models/taskinstance.py", line 2498, in _execute_task_with_callbacks
    task_orig = self.render_templates(context=context)
  File "/home/airflow/.local/lib/python3.8/site-packages/airflow/models/taskinstance.py", line 2910, in render_templates
    original_task.render_template_fields(context)
  File "/home/airflow/.local/lib/python3.8/site-packages/airflow/models/baseoperator.py", line 1241, in render_template_fields
    self._do_render_template_fields(self, self.template_fields, context, jinja_env, set())
  File "/home/airflow/.local/lib/python3.8/site-packages/airflow/utils/session.py", line 79, in wrapper
    return func(*args, session=session, **kwargs)
  File "/home/airflow/.local/lib/python3.8/site-packages/airflow/models/abstractoperator.py", line 699, in _do_render_template_fields
    rendered_content = self.render_template(
  File "/home/airflow/.local/lib/python3.8/site-packages/airflow/template/templater.py", line 171, in render_template
    template = jinja_env.get_template(value)
  File "/home/airflow/.local/lib/python3.8/site-packages/jinja2/environment.py", line 1010, in get_template
    return self._load_template(name, globals)
  File "/home/airflow/.local/lib/python3.8/site-packages/jinja2/environment.py", line 969, in _load_template
    template = self.loader.load(self, name, self.make_globals(globals))
  File "/home/airflow/.local/lib/python3.8/site-packages/jinja2/loaders.py", line 125, in load
    source, filename, uptodate = self.get_source(environment, name)
  File "/home/airflow/.local/lib/python3.8/site-packages/jinja2/loaders.py", line 204, in get_source
    raise TemplateNotFound(template)
jinja2.exceptions.TemplateNotFound: end_cluster.sh
[2024-03-20T05:50:25.221+0000] {taskinstance.py:1149} INFO - Marking task as FAILED. dag_id=IDM_TO_BQ_PQ_RAW, task_id=stop_cluster, execution_date=20240320T054125, start_date=20240320T055025, end_date=20240320T055025
[2024-03-20T05:50:25.231+0000] {standard_task_runner.py:107} ERROR - Failed to execute job 36 for task stop_cluster (end_cluster.sh; 4631)
[2024-03-20T05:50:25.260+0000] {local_task_job_runner.py:234} INFO - Task exited with return code 1
[2024-03-20T05:50:25.272+0000] {taskinstance.py:3312} INFO - 0 downstream tasks scheduled from follow-on schedule check
