[2024-03-20T06:29:01.848+0000] {taskinstance.py:1979} INFO - Dependencies all met for dep_context=non-requeueable deps ti=<TaskInstance: IDM_TO_BQ_PQ_RAW.from_gcs_to_bq scheduled__2024-03-10T00:00:00+00:00 [queued]>
[2024-03-20T06:29:01.851+0000] {taskinstance.py:1979} INFO - Dependencies all met for dep_context=requeueable deps ti=<TaskInstance: IDM_TO_BQ_PQ_RAW.from_gcs_to_bq scheduled__2024-03-10T00:00:00+00:00 [queued]>
[2024-03-20T06:29:01.851+0000] {taskinstance.py:2193} INFO - Starting attempt 1 of 1
[2024-03-20T06:29:01.856+0000] {taskinstance.py:2217} INFO - Executing <Task(BashOperator): from_gcs_to_bq> on 2024-03-10 00:00:00+00:00
[2024-03-20T06:29:01.859+0000] {standard_task_runner.py:60} INFO - Started process 1483 to run task
[2024-03-20T06:29:01.861+0000] {standard_task_runner.py:87} INFO - Running: ['***', 'tasks', 'run', 'IDM_TO_BQ_PQ_RAW', 'from_gcs_to_bq', 'scheduled__2024-03-10T00:00:00+00:00', '--job-id', '5', '--raw', '--subdir', 'DAGS_FOLDER/IDM_TO_BQ_PQ_RAW.py', '--cfg-path', '/tmp/tmpljs58vem']
[2024-03-20T06:29:01.863+0000] {standard_task_runner.py:88} INFO - Job 5: Subtask from_gcs_to_bq
[2024-03-20T06:29:01.873+0000] {logging_mixin.py:188} WARNING - /home/***/.local/lib/python3.8/site-packages/***/settings.py:194 DeprecationWarning: The sql_alchemy_conn option in [core] has been moved to the sql_alchemy_conn option in [database] - the old setting has been used, but please update your config.
[2024-03-20T06:29:01.887+0000] {task_command.py:423} INFO - Running <TaskInstance: IDM_TO_BQ_PQ_RAW.from_gcs_to_bq scheduled__2024-03-10T00:00:00+00:00 [running]> on host bc8b6df1052f
[2024-03-20T06:29:01.914+0000] {taskinstance.py:2513} INFO - Exporting env vars: AIRFLOW_CTX_DAG_OWNER='admin' AIRFLOW_CTX_DAG_ID='IDM_TO_BQ_PQ_RAW' AIRFLOW_CTX_TASK_ID='from_gcs_to_bq' AIRFLOW_CTX_EXECUTION_DATE='2024-03-10T00:00:00+00:00' AIRFLOW_CTX_TRY_NUMBER='1' AIRFLOW_CTX_DAG_RUN_ID='scheduled__2024-03-10T00:00:00+00:00'
[2024-03-20T06:29:01.914+0000] {subprocess.py:63} INFO - Tmp dir root location: /tmp
[2024-03-20T06:29:01.915+0000] {subprocess.py:75} INFO - Running command: ['/usr/bin/bash', '-c', "#!/bin/bash\n\nSERVICE_ACCOUNT_FILE_NAME=$GOOGLE_APPLICATION_CREDENTIALS\nPYTHON_DIR=/opt/***/src/idm_to_bq_pq_raw/pyspark/\nPYTHON_FILE=from_gcs_to_bq.py\nDATAPROC_CLUSTER=dez-cluster\nDATAPROC_REGION=us-central1\nGCP_PROJECT=dez-workspace-emil\n\necho\necho 'SETTING UP SERVICE ACCOUNT'\ngcloud auth activate-service-account --key-file=$SERVICE_ACCOUNT_FILE_NAME\ngcloud config set project $GCP_PROJECT\n\necho\necho 'STARTING PQ TO BQ TABLE'\n\ngcloud dataproc jobs submit pyspark $PYTHON_DIR$PYTHON_FILE --cluster=$DATAPROC_CLUSTER --region=$DATAPROC_REGION\n\necho\necho 'DONE!'"]
[2024-03-20T06:29:01.918+0000] {subprocess.py:86} INFO - Output:
[2024-03-20T06:29:01.919+0000] {subprocess.py:93} INFO - 
[2024-03-20T06:29:01.919+0000] {subprocess.py:93} INFO - SETTING UP SERVICE ACCOUNT
[2024-03-20T06:29:02.531+0000] {subprocess.py:93} INFO - Activated service account credentials for: [dez-project-emil@dez-workspace-emil.iam.gserviceaccount.com]
[2024-03-20T06:29:03.156+0000] {subprocess.py:93} INFO - WARNING: You do not appear to have access to project [dez-workspace-emil] or it does not exist.
[2024-03-20T06:29:03.159+0000] {subprocess.py:93} INFO - Updated property [core/project].
[2024-03-20T06:29:03.247+0000] {subprocess.py:93} INFO - 
[2024-03-20T06:29:03.248+0000] {subprocess.py:93} INFO - STARTING PQ TO BQ TABLE
[2024-03-20T06:29:04.757+0000] {subprocess.py:93} INFO - Job [e28166a3a22247dfb8cfb3742cdc43e4] submitted.
[2024-03-20T06:29:04.758+0000] {subprocess.py:93} INFO - Waiting for job output...
[2024-03-20T06:29:21.781+0000] {subprocess.py:93} INFO - 24/03/20 06:29:13 INFO SparkEnv: Registering MapOutputTracker
[2024-03-20T06:29:21.784+0000] {subprocess.py:93} INFO - 24/03/20 06:29:13 INFO SparkEnv: Registering BlockManagerMaster
[2024-03-20T06:29:21.785+0000] {subprocess.py:93} INFO - 24/03/20 06:29:13 INFO SparkEnv: Registering BlockManagerMasterHeartbeat
[2024-03-20T06:29:21.785+0000] {subprocess.py:93} INFO - 24/03/20 06:29:13 INFO SparkEnv: Registering OutputCommitCoordinator
[2024-03-20T06:29:23.838+0000] {subprocess.py:93} INFO - 24/03/20 06:29:15 INFO DefaultNoHARMFailoverProxyProvider: Connecting to ResourceManager at dez-cluster-m.us-central1-b.c.dez-workspace-emil.internal./10.128.0.6:8032
[2024-03-20T06:29:23.840+0000] {subprocess.py:93} INFO - 24/03/20 06:29:15 INFO AHSProxy: Connecting to Application History server at dez-cluster-m.us-central1-b.c.dez-workspace-emil.internal./10.128.0.6:10200
[2024-03-20T06:29:23.841+0000] {subprocess.py:93} INFO - 24/03/20 06:29:17 INFO Configuration: resource-types.xml not found
[2024-03-20T06:29:23.841+0000] {subprocess.py:93} INFO - 24/03/20 06:29:17 INFO ResourceUtils: Unable to find 'resource-types.xml'.
[2024-03-20T06:29:23.842+0000] {subprocess.py:93} INFO - 24/03/20 06:29:18 INFO YarnClientImpl: Submitted application application_1710915649067_0002
[2024-03-20T06:29:23.842+0000] {subprocess.py:93} INFO - 24/03/20 06:29:19 INFO DefaultNoHARMFailoverProxyProvider: Connecting to ResourceManager at dez-cluster-m.us-central1-b.c.dez-workspace-emil.internal./10.128.0.6:8030
[2024-03-20T06:29:23.843+0000] {subprocess.py:93} INFO - 24/03/20 06:29:22 INFO GhfsStorageStatistics: Detected potential high latency for operation op_get_file_status. latencyMs=374; previousMaxLatencyMs=0; operationCount=1; context=gs://dataproc-temp-us-central1-329749248489-tvazyaju/830261e5-2d3d-4491-a80c-fd201b1ad541/spark-job-history
[2024-03-20T06:29:23.843+0000] {subprocess.py:93} INFO - 24/03/20 06:29:22 INFO GoogleCloudStorageImpl: Ignoring exception of type GoogleJsonResponseException; verified object already exists with desired state.
[2024-03-20T06:29:23.844+0000] {subprocess.py:93} INFO - 24/03/20 06:29:22 INFO GhfsStorageStatistics: Detected potential high latency for operation op_mkdirs. latencyMs=177; previousMaxLatencyMs=0; operationCount=1; context=gs://dataproc-temp-us-central1-329749248489-tvazyaju/830261e5-2d3d-4491-a80c-fd201b1ad541/spark-job-history
[2024-03-20T06:29:23.844+0000] {subprocess.py:93} INFO - 24/03/20 06:29:22 INFO GhfsStorageStatistics: Detected potential high latency for operation op_create. latencyMs=176; previousMaxLatencyMs=0; operationCount=1; context=gs://dataproc-temp-us-central1-329749248489-tvazyaju/830261e5-2d3d-4491-a80c-fd201b1ad541/spark-job-history/application_1710915649067_0002.inprogress
[2024-03-20T06:29:28.125+0000] {subprocess.py:93} INFO - READING PARQUET FILE
[2024-03-20T06:29:30.477+0000] {subprocess.py:93} INFO - 24/03/20 06:29:26 INFO GhfsStorageStatistics: Detected potential high latency for operation op_glob_status. latencyMs=191; previousMaxLatencyMs=0; operationCount=1; context=path=gs://landing_bucket_dez/pq/idm/*; pattern=com.google.cloud.hadoop.fs.gcs.GoogleHadoopFileSystemBase$$Lambda$829/0x00000001007a5040@5a2baa2c
[2024-03-20T06:29:37.470+0000] {subprocess.py:93} INFO - WRITING TABLE IN BQ
[2024-03-20T06:30:25.388+0000] {subprocess.py:93} INFO - 24/03/20 06:30:23 INFO GoogleCloudStorageFileSystem: Successfully repaired 'gs://dataproc-staging-us-central1-329749248489-jq1oe9c7/.spark-bigquery-application_1710915649067_0002-695f1f05-862a-451a-881d-a8c082756215/' directory.
[2024-03-20T06:30:25.389+0000] {subprocess.py:93} INFO - 24/03/20 06:30:23 INFO GhfsStorageStatistics: Detected potential high latency for operation op_delete. latencyMs=218; previousMaxLatencyMs=0; operationCount=1; context=gs://dataproc-staging-us-central1-329749248489-jq1oe9c7/.spark-bigquery-application_1710915649067_0002-695f1f05-862a-451a-881d-a8c082756215/_temporary
[2024-03-20T06:30:25.389+0000] {subprocess.py:93} INFO - 24/03/20 06:30:23 INFO GhfsStorageStatistics: Detected potential high latency for operation stream_write_close_operations. latencyMs=270; previousMaxLatencyMs=0; operationCount=1; context=gs://dataproc-staging-us-central1-329749248489-jq1oe9c7/.spark-bigquery-application_1710915649067_0002-695f1f05-862a-451a-881d-a8c082756215/_SUCCESS
[2024-03-20T06:30:25.389+0000] {subprocess.py:93} INFO - 24/03/20 06:30:24 INFO BigQueryClient: Submitted job LoadJobConfiguration{type=LOAD, destinationTable=GenericData{classInfo=[datasetId, projectId, tableId], {datasetId=raw_dez_crimes, projectId=dez-workspace-emil, tableId=raw_municipal_crime_incidence}}, decimalTargetTypes=null, destinationEncryptionConfiguration=null, createDisposition=CREATE_IF_NEEDED, writeDisposition=WRITE_TRUNCATE, formatOptions=FormatOptions{format=PARQUET}, nullMarker=null, maxBadRecords=null, schema=null, ignoreUnknownValue=null, sourceUris=[gs://dataproc-staging-us-central1-329749248489-jq1oe9c7/.spark-bigquery-application_1710915649067_0002-695f1f05-862a-451a-881d-a8c082756215/part-00000-5b433165-eef2-4e9b-bbaa-815ca6dec92b-c000.snappy.parquet, gs://dataproc-staging-us-central1-329749248489-jq1oe9c7/.spark-bigquery-application_1710915649067_0002-695f1f05-862a-451a-881d-a8c082756215/part-00003-5b433165-eef2-4e9b-bbaa-815ca6dec92b-c000.snappy.parquet, gs://dataproc-staging-us-central1-329749248489-jq1oe9c7/.spark-bigquery-application_1710915649067_0002-695f1f05-862a-451a-881d-a8c082756215/part-00001-5b433165-eef2-4e9b-bbaa-815ca6dec92b-c000.snappy.parquet, gs://dataproc-staging-us-central1-329749248489-jq1oe9c7/.spark-bigquery-application_1710915649067_0002-695f1f05-862a-451a-881d-a8c082756215/part-00002-5b433165-eef2-4e9b-bbaa-815ca6dec92b-c000.snappy.parquet], schemaUpdateOptions=null, autodetect=true, timePartitioning=null, clustering=null, useAvroLogicalTypes=null, labels=null, jobTimeoutMs=null, rangePartitioning=null, hivePartitioningOptions=null, referenceFileSchemaUri=null}. jobId: JobId{project=dez-workspace-emil, job=fc2b3dd0-5dd0-4456-b475-bfd2faa0804b, location=US}
[2024-03-20T06:31:54.712+0000] {subprocess.py:93} INFO - 24/03/20 06:30:57 INFO BigQueryClient: Done loading to dez-workspace-emil.raw_dez_crimes.raw_municipal_crime_incidence. jobId: JobId{project=dez-workspace-emil, job=fc2b3dd0-5dd0-4456-b475-bfd2faa0804b, location=US}
[2024-03-20T06:31:54.715+0000] {subprocess.py:93} INFO - DONE!
[2024-03-20T06:31:56.496+0000] {subprocess.py:93} INFO - Job [e28166a3a22247dfb8cfb3742cdc43e4] finished successfully.
[2024-03-20T06:31:56.519+0000] {subprocess.py:93} INFO - done: true
[2024-03-20T06:31:56.520+0000] {subprocess.py:93} INFO - driverControlFilesUri: gs://dataproc-staging-us-central1-329749248489-jq1oe9c7/google-cloud-dataproc-metainfo/830261e5-2d3d-4491-a80c-fd201b1ad541/jobs/e28166a3a22247dfb8cfb3742cdc43e4/
[2024-03-20T06:31:56.520+0000] {subprocess.py:93} INFO - driverOutputResourceUri: gs://dataproc-staging-us-central1-329749248489-jq1oe9c7/google-cloud-dataproc-metainfo/830261e5-2d3d-4491-a80c-fd201b1ad541/jobs/e28166a3a22247dfb8cfb3742cdc43e4/driveroutput
[2024-03-20T06:31:56.520+0000] {subprocess.py:93} INFO - jobUuid: fad09247-47d9-30fc-b0f6-62a13fc15c95
[2024-03-20T06:31:56.520+0000] {subprocess.py:93} INFO - placement:
[2024-03-20T06:31:56.520+0000] {subprocess.py:93} INFO -   clusterName: dez-cluster
[2024-03-20T06:31:56.521+0000] {subprocess.py:93} INFO -   clusterUuid: 830261e5-2d3d-4491-a80c-fd201b1ad541
[2024-03-20T06:31:56.521+0000] {subprocess.py:93} INFO - pysparkJob:
[2024-03-20T06:31:56.521+0000] {subprocess.py:93} INFO -   mainPythonFileUri: gs://dataproc-staging-us-central1-329749248489-jq1oe9c7/google-cloud-dataproc-metainfo/830261e5-2d3d-4491-a80c-fd201b1ad541/jobs/e28166a3a22247dfb8cfb3742cdc43e4/staging/from_gcs_to_bq.py
[2024-03-20T06:31:56.521+0000] {subprocess.py:93} INFO - reference:
[2024-03-20T06:31:56.521+0000] {subprocess.py:93} INFO -   jobId: e28166a3a22247dfb8cfb3742cdc43e4
[2024-03-20T06:31:56.521+0000] {subprocess.py:93} INFO -   projectId: dez-workspace-emil
[2024-03-20T06:31:56.521+0000] {subprocess.py:93} INFO - status:
[2024-03-20T06:31:56.522+0000] {subprocess.py:93} INFO -   state: DONE
[2024-03-20T06:31:56.522+0000] {subprocess.py:93} INFO -   stateStartTime: '2024-03-20T06:31:02.384937Z'
[2024-03-20T06:31:56.522+0000] {subprocess.py:93} INFO - statusHistory:
[2024-03-20T06:31:56.522+0000] {subprocess.py:93} INFO - - state: PENDING
[2024-03-20T06:31:56.522+0000] {subprocess.py:93} INFO -   stateStartTime: '2024-03-20T06:29:04.829695Z'
[2024-03-20T06:31:56.522+0000] {subprocess.py:93} INFO - - state: SETUP_DONE
[2024-03-20T06:31:56.522+0000] {subprocess.py:93} INFO -   stateStartTime: '2024-03-20T06:29:04.869611Z'
[2024-03-20T06:31:56.523+0000] {subprocess.py:93} INFO - - details: Agent reported job success
[2024-03-20T06:31:56.523+0000] {subprocess.py:93} INFO -   state: RUNNING
[2024-03-20T06:31:56.523+0000] {subprocess.py:93} INFO -   stateStartTime: '2024-03-20T06:29:05.118038Z'
[2024-03-20T06:31:56.523+0000] {subprocess.py:93} INFO - yarnApplications:
[2024-03-20T06:31:56.523+0000] {subprocess.py:93} INFO - - name: test
[2024-03-20T06:31:56.524+0000] {subprocess.py:93} INFO -   progress: 1.0
[2024-03-20T06:31:56.524+0000] {subprocess.py:93} INFO -   state: FINISHED
[2024-03-20T06:31:56.524+0000] {subprocess.py:93} INFO -   trackingUrl: http://dez-cluster-m.us-central1-b.c.dez-workspace-emil.internal.:8088/proxy/application_1710915649067_0002/
[2024-03-20T06:31:56.600+0000] {subprocess.py:93} INFO - 
[2024-03-20T06:31:56.601+0000] {subprocess.py:93} INFO - DONE!
[2024-03-20T06:31:56.601+0000] {subprocess.py:97} INFO - Command exited with return code 0
[2024-03-20T06:31:56.631+0000] {taskinstance.py:1149} INFO - Marking task as SUCCESS. dag_id=IDM_TO_BQ_PQ_RAW, task_id=from_gcs_to_bq, execution_date=20240310T000000, start_date=20240320T062901, end_date=20240320T063156
[2024-03-20T06:31:56.664+0000] {local_task_job_runner.py:234} INFO - Task exited with return code 0
[2024-03-20T06:31:56.678+0000] {taskinstance.py:3312} INFO - 1 downstream tasks scheduled from follow-on schedule check
