[2024-03-20T05:48:24.107+0000] {taskinstance.py:1979} INFO - Dependencies all met for dep_context=non-requeueable deps ti=<TaskInstance: IDM_TO_BQ_PQ_RAW.from_gcs_to_bq manual__2024-03-20T05:41:25.524027+00:00 [queued]>
[2024-03-20T05:48:24.111+0000] {taskinstance.py:1979} INFO - Dependencies all met for dep_context=requeueable deps ti=<TaskInstance: IDM_TO_BQ_PQ_RAW.from_gcs_to_bq manual__2024-03-20T05:41:25.524027+00:00 [queued]>
[2024-03-20T05:48:24.111+0000] {taskinstance.py:2193} INFO - Starting attempt 1 of 1
[2024-03-20T05:48:24.117+0000] {taskinstance.py:2217} INFO - Executing <Task(BashOperator): from_gcs_to_bq> on 2024-03-20 05:41:25.524027+00:00
[2024-03-20T05:48:24.119+0000] {standard_task_runner.py:60} INFO - Started process 4467 to run task
[2024-03-20T05:48:24.121+0000] {standard_task_runner.py:87} INFO - Running: ['***', 'tasks', 'run', 'IDM_TO_BQ_PQ_RAW', 'from_gcs_to_bq', 'manual__2024-03-20T05:41:25.524027+00:00', '--job-id', '35', '--raw', '--subdir', 'DAGS_FOLDER/IDM_TO_BQ_PQ_RAW.py', '--cfg-path', '/tmp/tmp_u8cp9mp']
[2024-03-20T05:48:24.123+0000] {standard_task_runner.py:88} INFO - Job 35: Subtask from_gcs_to_bq
[2024-03-20T05:48:24.132+0000] {logging_mixin.py:188} WARNING - /home/***/.local/lib/python3.8/site-packages/***/settings.py:194 DeprecationWarning: The sql_alchemy_conn option in [core] has been moved to the sql_alchemy_conn option in [database] - the old setting has been used, but please update your config.
[2024-03-20T05:48:24.148+0000] {task_command.py:423} INFO - Running <TaskInstance: IDM_TO_BQ_PQ_RAW.from_gcs_to_bq manual__2024-03-20T05:41:25.524027+00:00 [running]> on host bf143d508a6e
[2024-03-20T05:48:24.174+0000] {taskinstance.py:2513} INFO - Exporting env vars: AIRFLOW_CTX_DAG_OWNER='admin' AIRFLOW_CTX_DAG_ID='IDM_TO_BQ_PQ_RAW' AIRFLOW_CTX_TASK_ID='from_gcs_to_bq' AIRFLOW_CTX_EXECUTION_DATE='2024-03-20T05:41:25.524027+00:00' AIRFLOW_CTX_TRY_NUMBER='1' AIRFLOW_CTX_DAG_RUN_ID='manual__2024-03-20T05:41:25.524027+00:00'
[2024-03-20T05:48:24.174+0000] {subprocess.py:63} INFO - Tmp dir root location: /tmp
[2024-03-20T05:48:24.175+0000] {subprocess.py:75} INFO - Running command: ['/usr/bin/bash', '-c', "#!/bin/bash\n\nSERVICE_ACCOUNT_FILE_NAME=$GOOGLE_APPLICATION_CREDENTIALS\nPYTHON_DIR=/opt/***/src/idm_to_bq_pq_raw/pyspark/\nPYTHON_FILE=from_gcs_to_bq.py\nDATAPROC_CLUSTER=dez-cluster\nDATAPROC_REGION=us-central1\nGCP_PROJECT=dez-workspace-emil\n\necho\necho 'SETTING UP SERVICE ACCOUNT'\ngcloud auth activate-service-account --key-file=$SERVICE_ACCOUNT_FILE_NAME\ngcloud config set project $GCP_PROJECT\n\necho\necho 'STARTING PQ TO BQ TABLE'\n\ngcloud dataproc jobs submit pyspark $PYTHON_DIR$PYTHON_FILE --cluster=$DATAPROC_CLUSTER --region=$DATAPROC_REGION\n\necho\necho 'DONE!'"]
[2024-03-20T05:48:24.178+0000] {subprocess.py:86} INFO - Output:
[2024-03-20T05:48:24.179+0000] {subprocess.py:93} INFO - 
[2024-03-20T05:48:24.179+0000] {subprocess.py:93} INFO - SETTING UP SERVICE ACCOUNT
[2024-03-20T05:48:24.822+0000] {subprocess.py:93} INFO - Activated service account credentials for: [dez-project-emil@dez-workspace-emil.iam.gserviceaccount.com]
[2024-03-20T05:48:25.477+0000] {subprocess.py:93} INFO - WARNING: You do not appear to have access to project [dez-workspace-emil] or it does not exist.
[2024-03-20T05:48:25.479+0000] {subprocess.py:93} INFO - Updated property [core/project].
[2024-03-20T05:48:25.572+0000] {subprocess.py:93} INFO - 
[2024-03-20T05:48:25.572+0000] {subprocess.py:93} INFO - STARTING PQ TO BQ TABLE
[2024-03-20T05:48:27.012+0000] {subprocess.py:93} INFO - Job [a3976d35f31147ebbffa815a8600411b] submitted.
[2024-03-20T05:48:27.013+0000] {subprocess.py:93} INFO - Waiting for job output...
[2024-03-20T05:48:37.301+0000] {subprocess.py:93} INFO - 24/03/20 05:48:35 INFO SparkEnv: Registering MapOutputTracker
[2024-03-20T05:48:37.304+0000] {subprocess.py:93} INFO - 24/03/20 05:48:35 INFO SparkEnv: Registering BlockManagerMaster
[2024-03-20T05:48:37.305+0000] {subprocess.py:93} INFO - 24/03/20 05:48:35 INFO SparkEnv: Registering BlockManagerMasterHeartbeat
[2024-03-20T05:48:37.305+0000] {subprocess.py:93} INFO - 24/03/20 05:48:35 INFO SparkEnv: Registering OutputCommitCoordinator
[2024-03-20T05:48:39.221+0000] {subprocess.py:93} INFO - 24/03/20 05:48:37 INFO DefaultNoHARMFailoverProxyProvider: Connecting to ResourceManager at dez-cluster-m.us-central1-b.c.dez-workspace-emil.internal./10.128.0.6:8032
[2024-03-20T05:48:39.223+0000] {subprocess.py:93} INFO - 24/03/20 05:48:37 INFO AHSProxy: Connecting to Application History server at dez-cluster-m.us-central1-b.c.dez-workspace-emil.internal./10.128.0.6:10200
[2024-03-20T05:48:41.661+0000] {subprocess.py:93} INFO - 24/03/20 05:48:39 INFO Configuration: resource-types.xml not found
[2024-03-20T05:48:41.662+0000] {subprocess.py:93} INFO - 24/03/20 05:48:39 INFO ResourceUtils: Unable to find 'resource-types.xml'.
[2024-03-20T05:48:43.861+0000] {subprocess.py:93} INFO - 24/03/20 05:48:40 INFO YarnClientImpl: Submitted application application_1710913474836_0002
[2024-03-20T05:48:43.864+0000] {subprocess.py:93} INFO - 24/03/20 05:48:41 INFO DefaultNoHARMFailoverProxyProvider: Connecting to ResourceManager at dez-cluster-m.us-central1-b.c.dez-workspace-emil.internal./10.128.0.6:8030
[2024-03-20T05:48:45.792+0000] {subprocess.py:93} INFO - 24/03/20 05:48:44 INFO GhfsStorageStatistics: Detected potential high latency for operation op_get_file_status. latencyMs=442; previousMaxLatencyMs=0; operationCount=1; context=gs://dataproc-temp-us-central1-329749248489-tvazyaju/830261e5-2d3d-4491-a80c-fd201b1ad541/spark-job-history
[2024-03-20T05:48:45.792+0000] {subprocess.py:93} INFO - 24/03/20 05:48:44 INFO GoogleCloudStorageImpl: Ignoring exception of type GoogleJsonResponseException; verified object already exists with desired state.
[2024-03-20T05:48:45.793+0000] {subprocess.py:93} INFO - 24/03/20 05:48:44 INFO GhfsStorageStatistics: Detected potential high latency for operation op_mkdirs. latencyMs=187; previousMaxLatencyMs=0; operationCount=1; context=gs://dataproc-temp-us-central1-329749248489-tvazyaju/830261e5-2d3d-4491-a80c-fd201b1ad541/spark-job-history
[2024-03-20T05:48:51.903+0000] {subprocess.py:93} INFO - READING PARQUET FILE
[2024-03-20T05:48:51.906+0000] {subprocess.py:93} INFO - 24/03/20 05:48:49 INFO GhfsStorageStatistics: Detected potential high latency for operation op_glob_status. latencyMs=184; previousMaxLatencyMs=0; operationCount=1; context=path=gs://landing_bucket_dez/pq/idm/*; pattern=com.google.cloud.hadoop.fs.gcs.GoogleHadoopFileSystemBase$$Lambda$829/0x00000001007bd040@6e8eb396
[2024-03-20T05:49:00.196+0000] {subprocess.py:93} INFO - WRITING TABLE IN BQ
[2024-03-20T05:49:47.607+0000] {subprocess.py:93} INFO - 24/03/20 05:49:44 INFO GoogleCloudStorageFileSystem: Successfully repaired 'gs://dataproc-temp-us-central1-329749248489-tvazyaju/.spark-bigquery-application_1710913474836_0002-73c7bb76-a034-43ab-91d3-eab6daf331a8/' directory.
[2024-03-20T05:49:47.611+0000] {subprocess.py:93} INFO - 24/03/20 05:49:44 INFO GhfsStorageStatistics: Detected potential high latency for operation op_delete. latencyMs=197; previousMaxLatencyMs=0; operationCount=1; context=gs://dataproc-temp-us-central1-329749248489-tvazyaju/.spark-bigquery-application_1710913474836_0002-73c7bb76-a034-43ab-91d3-eab6daf331a8/_temporary
[2024-03-20T05:49:47.611+0000] {subprocess.py:93} INFO - 24/03/20 05:49:45 INFO BigQueryClient: Submitted job LoadJobConfiguration{type=LOAD, destinationTable=GenericData{classInfo=[datasetId, projectId, tableId], {datasetId=raw_dez_crimes, projectId=dez-workspace-emil, tableId=raw_municipal_crime_incidence}}, decimalTargetTypes=null, destinationEncryptionConfiguration=null, createDisposition=CREATE_IF_NEEDED, writeDisposition=WRITE_TRUNCATE, formatOptions=FormatOptions{format=PARQUET}, nullMarker=null, maxBadRecords=null, schema=null, ignoreUnknownValue=null, sourceUris=[gs://dataproc-temp-us-central1-329749248489-tvazyaju/.spark-bigquery-application_1710913474836_0002-73c7bb76-a034-43ab-91d3-eab6daf331a8/part-00002-74402a46-85e8-44e7-b90c-3163acff06a0-c000.snappy.parquet, gs://dataproc-temp-us-central1-329749248489-tvazyaju/.spark-bigquery-application_1710913474836_0002-73c7bb76-a034-43ab-91d3-eab6daf331a8/part-00001-74402a46-85e8-44e7-b90c-3163acff06a0-c000.snappy.parquet, gs://dataproc-temp-us-central1-329749248489-tvazyaju/.spark-bigquery-application_1710913474836_0002-73c7bb76-a034-43ab-91d3-eab6daf331a8/part-00003-74402a46-85e8-44e7-b90c-3163acff06a0-c000.snappy.parquet, gs://dataproc-temp-us-central1-329749248489-tvazyaju/.spark-bigquery-application_1710913474836_0002-73c7bb76-a034-43ab-91d3-eab6daf331a8/part-00000-74402a46-85e8-44e7-b90c-3163acff06a0-c000.snappy.parquet], schemaUpdateOptions=null, autodetect=true, timePartitioning=null, clustering=null, useAvroLogicalTypes=null, labels=null, jobTimeoutMs=null, rangePartitioning=null, hivePartitioningOptions=null, referenceFileSchemaUri=null}. jobId: JobId{project=dez-workspace-emil, job=cdfe1e72-82d4-4d9d-8e41-f1aa567fe8b4, location=US}
[2024-03-20T05:50:20.337+0000] {subprocess.py:93} INFO - 24/03/20 05:50:17 INFO BigQueryClient: Done loading to dez-workspace-emil.raw_dez_crimes.raw_municipal_crime_incidence. jobId: JobId{project=dez-workspace-emil, job=cdfe1e72-82d4-4d9d-8e41-f1aa567fe8b4, location=US}
[2024-03-20T05:50:20.339+0000] {subprocess.py:93} INFO - DONE!
[2024-03-20T05:50:23.842+0000] {subprocess.py:93} INFO - Job [a3976d35f31147ebbffa815a8600411b] finished successfully.
[2024-03-20T05:50:23.870+0000] {subprocess.py:93} INFO - done: true
[2024-03-20T05:50:23.871+0000] {subprocess.py:93} INFO - driverControlFilesUri: gs://dataproc-staging-us-central1-329749248489-jq1oe9c7/google-cloud-dataproc-metainfo/830261e5-2d3d-4491-a80c-fd201b1ad541/jobs/a3976d35f31147ebbffa815a8600411b/
[2024-03-20T05:50:23.872+0000] {subprocess.py:93} INFO - driverOutputResourceUri: gs://dataproc-staging-us-central1-329749248489-jq1oe9c7/google-cloud-dataproc-metainfo/830261e5-2d3d-4491-a80c-fd201b1ad541/jobs/a3976d35f31147ebbffa815a8600411b/driveroutput
[2024-03-20T05:50:23.872+0000] {subprocess.py:93} INFO - jobUuid: fad7b63f-76a0-3c89-b7b3-32a841b3a20b
[2024-03-20T05:50:23.873+0000] {subprocess.py:93} INFO - placement:
[2024-03-20T05:50:23.873+0000] {subprocess.py:93} INFO -   clusterName: dez-cluster
[2024-03-20T05:50:23.873+0000] {subprocess.py:93} INFO -   clusterUuid: 830261e5-2d3d-4491-a80c-fd201b1ad541
[2024-03-20T05:50:23.873+0000] {subprocess.py:93} INFO - pysparkJob:
[2024-03-20T05:50:23.874+0000] {subprocess.py:93} INFO -   mainPythonFileUri: gs://dataproc-staging-us-central1-329749248489-jq1oe9c7/google-cloud-dataproc-metainfo/830261e5-2d3d-4491-a80c-fd201b1ad541/jobs/a3976d35f31147ebbffa815a8600411b/staging/from_gcs_to_bq.py
[2024-03-20T05:50:23.874+0000] {subprocess.py:93} INFO - reference:
[2024-03-20T05:50:23.874+0000] {subprocess.py:93} INFO -   jobId: a3976d35f31147ebbffa815a8600411b
[2024-03-20T05:50:23.875+0000] {subprocess.py:93} INFO -   projectId: dez-workspace-emil
[2024-03-20T05:50:23.875+0000] {subprocess.py:93} INFO - status:
[2024-03-20T05:50:23.875+0000] {subprocess.py:93} INFO -   state: DONE
[2024-03-20T05:50:23.876+0000] {subprocess.py:93} INFO -   stateStartTime: '2024-03-20T05:50:22.183239Z'
[2024-03-20T05:50:23.876+0000] {subprocess.py:93} INFO - statusHistory:
[2024-03-20T05:50:23.876+0000] {subprocess.py:93} INFO - - state: PENDING
[2024-03-20T05:50:23.877+0000] {subprocess.py:93} INFO -   stateStartTime: '2024-03-20T05:48:26.933467Z'
[2024-03-20T05:50:23.877+0000] {subprocess.py:93} INFO - - state: SETUP_DONE
[2024-03-20T05:50:23.878+0000] {subprocess.py:93} INFO -   stateStartTime: '2024-03-20T05:48:26.973470Z'
[2024-03-20T05:50:23.878+0000] {subprocess.py:93} INFO - - details: Agent reported job success
[2024-03-20T05:50:23.879+0000] {subprocess.py:93} INFO -   state: RUNNING
[2024-03-20T05:50:23.879+0000] {subprocess.py:93} INFO -   stateStartTime: '2024-03-20T05:48:27.212245Z'
[2024-03-20T05:50:23.879+0000] {subprocess.py:93} INFO - yarnApplications:
[2024-03-20T05:50:23.880+0000] {subprocess.py:93} INFO - - name: test
[2024-03-20T05:50:23.880+0000] {subprocess.py:93} INFO -   progress: 1.0
[2024-03-20T05:50:23.880+0000] {subprocess.py:93} INFO -   state: FINISHED
[2024-03-20T05:50:23.880+0000] {subprocess.py:93} INFO -   trackingUrl: http://dez-cluster-m.us-central1-b.c.dez-workspace-emil.internal.:8088/proxy/application_1710913474836_0002/
[2024-03-20T05:50:23.979+0000] {subprocess.py:93} INFO - 
[2024-03-20T05:50:23.980+0000] {subprocess.py:93} INFO - DONE!
[2024-03-20T05:50:23.980+0000] {subprocess.py:97} INFO - Command exited with return code 0
[2024-03-20T05:50:24.004+0000] {taskinstance.py:1149} INFO - Marking task as SUCCESS. dag_id=IDM_TO_BQ_PQ_RAW, task_id=from_gcs_to_bq, execution_date=20240320T054125, start_date=20240320T054824, end_date=20240320T055024
[2024-03-20T05:50:24.045+0000] {local_task_job_runner.py:234} INFO - Task exited with return code 0
[2024-03-20T05:50:24.058+0000] {taskinstance.py:3312} INFO - 1 downstream tasks scheduled from follow-on schedule check
